<?xml version="1.0" encoding="UTF-8"?>
<testng-results ignored="0" total="1" passed="1" failed="0" skipped="0">
  <reporter-output>
  </reporter-output>
  <suite started-at="2023-08-09T18:14:08 IST" name="Default suite" finished-at="2023-08-09T18:14:10 IST" duration-ms="1323">
    <groups>
    </groups>
    <test started-at="2023-08-09T18:14:08 IST" name="Default test" finished-at="2023-08-09T18:14:10 IST" duration-ms="1323">
      <class name="Demo.Demo6">
        <test-method signature="Base()[pri:0, instance:Demo.Demo6@23c30a20]" started-at="2023-08-09T18:14:08 IST" name="Base" finished-at="2023-08-09T18:14:10 IST" duration-ms="1241" status="PASS">
          <reporter-output>
          </reporter-output>
        </test-method> <!-- Base -->
      </class> <!-- Demo.Demo6 -->
    </test> <!-- Default test -->
  </suite> <!-- Default suite -->
</testng-results>
